0 info it worked if it ends with ok
1 verbose cli [ '/home/mattias/.nvm/versions/node/v6.14.2/bin/node',
1 verbose cli   '/home/mattias/.nvm/versions/node/v6.14.2/bin/npm',
1 verbose cli   'run',
1 verbose cli   'build' ]
2 info using npm@3.10.10
3 info using node@v6.14.2
4 verbose run-script [ 'prebuild', 'build', 'postbuild' ]
5 info lifecycle gatsby-starter-netlify-cms@1.1.3~prebuild: gatsby-starter-netlify-cms@1.1.3
6 silly lifecycle gatsby-starter-netlify-cms@1.1.3~prebuild: no script for prebuild, continuing
7 info lifecycle gatsby-starter-netlify-cms@1.1.3~build: gatsby-starter-netlify-cms@1.1.3
8 verbose lifecycle gatsby-starter-netlify-cms@1.1.3~build: unsafe-perm in lifecycle true
9 verbose lifecycle gatsby-starter-netlify-cms@1.1.3~build: PATH: /home/mattias/.nvm/versions/node/v6.14.2/lib/node_modules/npm/bin/node-gyp-bin:/mnt/c/Users/mattias/Repo/#Personal/inferense-site/node_modules/.bin:/home/mattias/.cargo/bin:/home/mattias/.nvm/versions/node/v6.14.2/bin:/usr/local/sbin:/usr/local/bin:/usr/sbin:/usr/bin:/sbin:/bin:/usr/games:/usr/local/games:/mnt/c/ProgramData/DockerDesktop/version-bin:/mnt/c/Program Files/Docker/Docker/resources/bin:/mnt/c/Program Files (x86)/Intel/Intel(R) Management Engine Components/iCLS:/mnt/c/Program Files/Intel/Intel(R) Management Engine Components/iCLS:/mnt/c/Program Files/Microsoft MPI/Bin:/mnt/c/Program Files (x86)/Common Files/Oracle/Java/javapath:/mnt/c/Program Files/NVIDIA GPU Computing Toolkit/CUDA/v9.1/bin:/mnt/c/Program Files/NVIDIA GPU Computing Toolkit/CUDA/v9.1/libnvvp:/mnt/c/Windows/System32:/mnt/c/Windows:/mnt/c/Windows/System32/wbem:/mnt/c/Windows/System32/WindowsPowerShell/v1.0:/mnt/c/Program Files/Microsoft SQL Server/130/Tools/Binn:/mnt/c/Program Files/dotnet:/mnt/c/Program Files (x86)/NVIDIA Corporation/PhysX/Common:/mnt/c/Program Files (x86)/Microsoft SQL Server/Client SDK/ODBC/130/Tools/Binn:/mnt/c/Program Files (x86)/Microsoft SQL Server/140/Tools/Binn:/mnt/c/Program Files (x86)/Microsoft SQL Server/140/DTS/Binn:/mnt/c/Program Files (x86)/Microsoft SQL Server/140/Tools/Binn/ManagementStudio:/mnt/c/Program Files/Microsoft SQL Server Migration Assistant for MySQL/bin:/mnt/c/Windows/System32:/mnt/c/Windows:/mnt/c/Windows/System32/wbem:/mnt/c/Windows/System32/WindowsPowerShell/v1.0:/mnt/c/Windows/System32/OpenSSH:/mnt/c/Program Files/Microsoft SQL Server/140/Tools/Binn:/mnt/c/Program Files/Microsoft SQL Server/140/DTS/Binn:/mnt/c/Program Files/Microsoft SQL Server/Client SDK/ODBC/130/Tools/Binn:/mnt/c/Program Files/SafeNet/Authentication/SAC/x64:/mnt/c/Program Files/SafeNet/Authentication/SAC/x32:/mnt/c/Program Files/Microsoft VS Code Insiders/bin:/mnt/c/Program Files (x86)/Intel/Intel(R) Management Engine Components/DAL:/mnt/c/Program Files/Intel/Intel(R) Management Engine Components/DAL:/mnt/c/Program Files (x86)/Intel/Intel(R) Management Engine Components/IPT:/mnt/c/Program Files/Intel/Intel(R) Management Engine Components/IPT:/mnt/c/Program Files (x86)/dotnet:/mnt/c/Program Files/nodejs:/mnt/c/Program Files/Docker/Docker/resources/bin:/mnt/c/Program Files/Git/cmd:/mnt/c/Program Files/Intel/WiFi/bin:/mnt/c/Program Files/Common Files/Intel/WirelessCommon:/mnt/c/Users/mattias/.cargo/bin:/mnt/c/Users/mattias/AppData/Local/Programs/Python/Python37/Scripts:/mnt/c/Users/mattias/AppData/Local/Programs/Python/Python37:/mnt/c/Users/mattias/AppData/Local/Microsoft/WindowsApps:/mnt/c/Users/mattias/AppData/Local/hyper/app-2.0.0/resources/bin:/mnt/c/Users/mattias/bin/purescript:/mnt/c/Users/mattias/bin/Sencha/Cmd:/mnt/c/Users/mattias/AppData/Local/Programs/Microsoft VS Code/bin:/mnt/c/Users/mattias/AppData/Roaming/npm:/mnt/c/Users/mattias/.dotnet/tools:/snap/bin
10 verbose lifecycle gatsby-starter-netlify-cms@1.1.3~build: CWD: /mnt/c/Users/mattias/Repo/#Personal/inferense-site
11 silly lifecycle gatsby-starter-netlify-cms@1.1.3~build: Args: [ '-c', 'run-p build:**' ]
12 silly lifecycle gatsby-starter-netlify-cms@1.1.3~build: Returned: code: 1  signal: null
13 info lifecycle gatsby-starter-netlify-cms@1.1.3~build: Failed to exec build script
14 verbose stack Error: gatsby-starter-netlify-cms@1.1.3 build: `run-p build:**`
14 verbose stack Exit status 1
14 verbose stack     at EventEmitter.<anonymous> (/home/mattias/.nvm/versions/node/v6.14.2/lib/node_modules/npm/lib/utils/lifecycle.js:255:16)
14 verbose stack     at emitTwo (events.js:106:13)
14 verbose stack     at EventEmitter.emit (events.js:191:7)
14 verbose stack     at ChildProcess.<anonymous> (/home/mattias/.nvm/versions/node/v6.14.2/lib/node_modules/npm/lib/utils/spawn.js:40:14)
14 verbose stack     at emitTwo (events.js:106:13)
14 verbose stack     at ChildProcess.emit (events.js:191:7)
14 verbose stack     at maybeClose (internal/child_process.js:920:16)
14 verbose stack     at Process.ChildProcess._handle.onexit (internal/child_process.js:230:5)
15 verbose pkgid gatsby-starter-netlify-cms@1.1.3
16 verbose cwd /mnt/c/Users/mattias/Repo/#Personal/inferense-site
17 error Linux 4.4.0-17763-Microsoft
18 error argv "/home/mattias/.nvm/versions/node/v6.14.2/bin/node" "/home/mattias/.nvm/versions/node/v6.14.2/bin/npm" "run" "build"
19 error node v6.14.2
20 error npm  v3.10.10
21 error code ELIFECYCLE
22 error gatsby-starter-netlify-cms@1.1.3 build: `run-p build:**`
22 error Exit status 1
23 error Failed at the gatsby-starter-netlify-cms@1.1.3 build script 'run-p build:**'.
23 error Make sure you have the latest version of node.js and npm installed.
23 error If you do, this is most likely a problem with the gatsby-starter-netlify-cms package,
23 error not with npm itself.
23 error Tell the author that this fails on your system:
23 error     run-p build:**
23 error You can get information on how to open an issue for this project with:
23 error     npm bugs gatsby-starter-netlify-cms
23 error Or if that isn't available, you can get their info via:
23 error     npm owner ls gatsby-starter-netlify-cms
23 error There is likely additional logging output above.
24 verbose exit [ 1, true ]
